[14-Nov-2023 12:47:19 UTC] PHP Warning:  Failed loading Zend extension 'php_opcache.dll' (tried: C:/Users/kurosh/AppData/Roaming/Local/lightning-services/php-8.1.23+0/bin/win64/ext\php_opcache.dll (The specified procedure could not be found), C:/Users/kurosh/AppData/Roaming/Local/lightning-services/php-8.1.23+0/bin/win64/ext\php_php_opcache.dll.dll (The specified module could not be found)) in Unknown on line 0
[14-Nov-2023 12:47:19 UTC] PHP Warning:  Failed loading Zend extension 'php_xdebug.dll' (tried: C:/Users/kurosh/AppData/Roaming/Local/lightning-services/php-8.1.23+0/bin/win64/ext\php_xdebug.dll (The specified procedure could not be found), C:/Users/kurosh/AppData/Roaming/Local/lightning-services/php-8.1.23+0/bin/win64/ext\php_php_xdebug.dll.dll (The specified module could not be found)) in Unknown on line 0
[14-Nov-2023 12:47:19 UTC] PHP Warning:  PHP Startup: Unable to load dynamic library 'php_curl.dll' (tried: C:/Users/kurosh/AppData/Roaming/Local/lightning-services/php-8.1.23+0/bin/win64/ext\php_curl.dll (The specified module could not be found), C:/Users/kurosh/AppData/Roaming/Local/lightning-services/php-8.1.23+0/bin/win64/ext\php_php_curl.dll.dll (The specified module could not be found)) in Unknown on line 0
[14-Nov-2023 12:47:19 UTC] PHP Warning:  PHP Startup: gettext: Unable to initialize module
Module compiled with module API=20210902
PHP    compiled with module API=20220829
These options need to match
 in Unknown on line 0
[14-Nov-2023 12:47:19 UTC] PHP Warning:  PHP Startup: Unable to load dynamic library 'php_openssl.dll' (tried: C:/Users/kurosh/AppData/Roaming/Local/lightning-services/php-8.1.23+0/bin/win64/ext\php_openssl.dll (The specified module could not be found), C:/Users/kurosh/AppData/Roaming/Local/lightning-services/php-8.1.23+0/bin/win64/ext\php_php_openssl.dll.dll (The specified module could not be found)) in Unknown on line 0
[14-Nov-2023 12:47:19 UTC] PHP Warning:  PHP Startup: exif: Unable to initialize module
Module compiled with module API=20210902
PHP    compiled with module API=20220829
These options need to match
 in Unknown on line 0
[14-Nov-2023 12:47:19 UTC] PHP Warning:  PHP Startup: gd: Unable to initialize module
Module compiled with module API=20210902
PHP    compiled with module API=20220829
These options need to match
 in Unknown on line 0
[14-Nov-2023 12:47:19 UTC] PHP Warning:  PHP Startup: Unable to load dynamic library 'php_ftp.dll' (tried: C:/Users/kurosh/AppData/Roaming/Local/lightning-services/php-8.1.23+0/bin/win64/ext\php_ftp.dll (The specified module could not be found), C:/Users/kurosh/AppData/Roaming/Local/lightning-services/php-8.1.23+0/bin/win64/ext\php_php_ftp.dll.dll (The specified module could not be found)) in Unknown on line 0
[14-Nov-2023 12:47:19 UTC] PHP Warning:  PHP Startup: FFI: Unable to initialize module
Module compiled with module API=20210902
PHP    compiled with module API=20220829
These options need to match
 in Unknown on line 0
[14-Nov-2023 12:47:19 UTC] PHP Warning:  PHP Startup: imap: Unable to initialize module
Module compiled with module API=20210902
PHP    compiled with module API=20220829
These options need to match
 in Unknown on line 0
[14-Nov-2023 12:47:19 UTC] PHP Warning:  PHP Startup: bz2: Unable to initialize module
Module compiled with module API=20210902
PHP    compiled with module API=20220829
These options need to match
 in Unknown on line 0
[14-Nov-2023 12:47:19 UTC] PHP Warning:  PHP Startup: mbstring: Unable to initialize module
Module compiled with module API=20210902
PHP    compiled with module API=20220829
These options need to match
 in Unknown on line 0
[14-Nov-2023 12:47:19 UTC] PHP Warning:  PHP Startup: sodium: Unable to initialize module
Module compiled with module API=20210902
PHP    compiled with module API=20220829
These options need to match
 in Unknown on line 0
[14-Nov-2023 12:47:19 UTC] PHP Warning:  PHP Startup: tidy: Unable to initialize module
Module compiled with module API=20210902
PHP    compiled with module API=20220829
These options need to match
 in Unknown on line 0
[14-Nov-2023 12:47:19 UTC] PHP Warning:  PHP Startup: xsl: Unable to initialize module
Module compiled with module API=20210902
PHP    compiled with module API=20220829
These options need to match
 in Unknown on line 0
[14-Nov-2023 12:47:19 UTC] PHP Warning:  PHP Startup: soap: Unable to initialize module
Module compiled with module API=20210902
PHP    compiled with module API=20220829
These options need to match
 in Unknown on line 0
[14-Nov-2023 12:47:19 UTC] PHP Warning:  PHP Startup: mysqli: Unable to initialize module
Module compiled with module API=20210902
PHP    compiled with module API=20220829
These options need to match
 in Unknown on line 0
[14-Nov-2023 12:47:19 UTC] PHP Warning:  PHP Startup: pdo_mysql: Unable to initialize module
Module compiled with module API=20210902
PHP    compiled with module API=20220829
These options need to match
 in Unknown on line 0
[14-Nov-2023 12:47:19 UTC] PHP Warning:  PHP Startup: fileinfo: Unable to initialize module
Module compiled with module API=20210902
PHP    compiled with module API=20220829
These options need to match
 in Unknown on line 0
[14-Nov-2023 12:47:19 UTC] PHP Warning:  PHP Startup: pdo_sqlite: Unable to initialize module
Module compiled with module API=20210902
PHP    compiled with module API=20220829
These options need to match
 in Unknown on line 0
[14-Nov-2023 12:47:19 UTC] PHP Warning:  PHP Startup: sqlite3: Unable to initialize module
Module compiled with module API=20210902
PHP    compiled with module API=20220829
These options need to match
 in Unknown on line 0
[14-Nov-2023 12:47:19 UTC] PHP Warning:  PHP Startup: Unable to load dynamic library 'php_imagick.dll' (tried: C:/Users/kurosh/AppData/Roaming/Local/lightning-services/php-8.1.23+0/bin/win64/ext\php_imagick.dll (The specified module could not be found), C:/Users/kurosh/AppData/Roaming/Local/lightning-services/php-8.1.23+0/bin/win64/ext\php_php_imagick.dll.dll (The specified module could not be found)) in Unknown on line 0
[14-Nov-2023 12:47:19 UTC] PHP Warning:  PHP Startup: Unable to load dynamic library 'php_intl.dll' (tried: C:/Users/kurosh/AppData/Roaming/Local/lightning-services/php-8.1.23+0/bin/win64/ext\php_intl.dll (The specified module could not be found), C:/Users/kurosh/AppData/Roaming/Local/lightning-services/php-8.1.23+0/bin/win64/ext\php_php_intl.dll.dll (The specified module could not be found)) in Unknown on line 0
